CRITICAL - 2025-08-30 01:20:41 --> ErrorException: Undefined variable $alumno
[Method: GET, Route: alumnos]
in APPPATH\Views\alumnos\index.php on line 30.
 1 APPPATH\Views\alumnos\index.php(30): CodeIgniter\Debug\Exceptions->errorHandler(2, 'Undefined variable $alumno', 'C:\\Xamp\\htdocs\\crud-codeigniter4\\app\\Views\\alumnos\\index.php', 30)
 2 SYSTEMPATH\View\View.php(226): include('C:\\Xamp\\htdocs\\crud-codeigniter4\\app\\Views\\alumnos\\index.php')
 3 SYSTEMPATH\View\View.php(229): CodeIgniter\View\View->CodeIgniter\View\{closure}()
 4 SYSTEMPATH\Common.php(1167): CodeIgniter\View\View->render('alumnos/index', [], true)
 5 APPPATH\Controllers\AlumnoController.php(20): view('alumnos/index', [...])
 6 SYSTEMPATH\CodeIgniter.php(933): App\Controllers\AlumnoController->index()
 7 SYSTEMPATH\CodeIgniter.php(507): CodeIgniter\CodeIgniter->runController(Object(App\Controllers\AlumnoController))
 8 SYSTEMPATH\CodeIgniter.php(354): CodeIgniter\CodeIgniter->handleRequest(null, Object(Config\Cache), false)
 9 SYSTEMPATH\Boot.php(363): CodeIgniter\CodeIgniter->run()
10 SYSTEMPATH\Boot.php(68): CodeIgniter\Boot::runCodeIgniter(Object(CodeIgniter\CodeIgniter))
11 FCPATH\index.php(59): CodeIgniter\Boot::bootWeb(Object(Config\Paths))
CRITICAL - 2025-08-30 01:23:39 --> ErrorException: Undefined variable $alumno
[Method: GET, Route: alumnos]
in APPPATH\Views\alumnos\index.php on line 30.
 1 APPPATH\Views\alumnos\index.php(30): CodeIgniter\Debug\Exceptions->errorHandler(2, 'Undefined variable $alumno', 'C:\\Xamp\\htdocs\\crud-codeigniter4\\app\\Views\\alumnos\\index.php', 30)
 2 SYSTEMPATH\View\View.php(226): include('C:\\Xamp\\htdocs\\crud-codeigniter4\\app\\Views\\alumnos\\index.php')
 3 SYSTEMPATH\View\View.php(229): CodeIgniter\View\View->CodeIgniter\View\{closure}()
 4 SYSTEMPATH\Common.php(1167): CodeIgniter\View\View->render('alumnos/index', [], true)
 5 APPPATH\Controllers\AlumnoController.php(26): view('alumnos/index', [...])
 6 SYSTEMPATH\CodeIgniter.php(933): App\Controllers\AlumnoController->index()
 7 SYSTEMPATH\CodeIgniter.php(507): CodeIgniter\CodeIgniter->runController(Object(App\Controllers\AlumnoController))
 8 SYSTEMPATH\CodeIgniter.php(354): CodeIgniter\CodeIgniter->handleRequest(null, Object(Config\Cache), false)
 9 SYSTEMPATH\Boot.php(363): CodeIgniter\CodeIgniter->run()
10 SYSTEMPATH\Boot.php(68): CodeIgniter\Boot::runCodeIgniter(Object(CodeIgniter\CodeIgniter))
11 FCPATH\index.php(59): CodeIgniter\Boot::bootWeb(Object(Config\Paths))
CRITICAL - 2025-08-30 01:23:40 --> ErrorException: Undefined variable $alumno
[Method: GET, Route: alumnos]
in APPPATH\Views\alumnos\index.php on line 30.
 1 APPPATH\Views\alumnos\index.php(30): CodeIgniter\Debug\Exceptions->errorHandler(2, 'Undefined variable $alumno', 'C:\\Xamp\\htdocs\\crud-codeigniter4\\app\\Views\\alumnos\\index.php', 30)
 2 SYSTEMPATH\View\View.php(226): include('C:\\Xamp\\htdocs\\crud-codeigniter4\\app\\Views\\alumnos\\index.php')
 3 SYSTEMPATH\View\View.php(229): CodeIgniter\View\View->CodeIgniter\View\{closure}()
 4 SYSTEMPATH\Common.php(1167): CodeIgniter\View\View->render('alumnos/index', [], true)
 5 APPPATH\Controllers\AlumnoController.php(26): view('alumnos/index', [...])
 6 SYSTEMPATH\CodeIgniter.php(933): App\Controllers\AlumnoController->index()
 7 SYSTEMPATH\CodeIgniter.php(507): CodeIgniter\CodeIgniter->runController(Object(App\Controllers\AlumnoController))
 8 SYSTEMPATH\CodeIgniter.php(354): CodeIgniter\CodeIgniter->handleRequest(null, Object(Config\Cache), false)
 9 SYSTEMPATH\Boot.php(363): CodeIgniter\CodeIgniter->run()
10 SYSTEMPATH\Boot.php(68): CodeIgniter\Boot::runCodeIgniter(Object(CodeIgniter\CodeIgniter))
11 FCPATH\index.php(59): CodeIgniter\Boot::bootWeb(Object(Config\Paths))
CRITICAL - 2025-08-30 01:23:45 --> ErrorException: Undefined variable $alumno
[Method: GET, Route: alumnos]
in APPPATH\Views\alumnos\index.php on line 30.
 1 APPPATH\Views\alumnos\index.php(30): CodeIgniter\Debug\Exceptions->errorHandler(2, 'Undefined variable $alumno', 'C:\\Xamp\\htdocs\\crud-codeigniter4\\app\\Views\\alumnos\\index.php', 30)
 2 SYSTEMPATH\View\View.php(226): include('C:\\Xamp\\htdocs\\crud-codeigniter4\\app\\Views\\alumnos\\index.php')
 3 SYSTEMPATH\View\View.php(229): CodeIgniter\View\View->CodeIgniter\View\{closure}()
 4 SYSTEMPATH\Common.php(1167): CodeIgniter\View\View->render('alumnos/index', [], true)
 5 APPPATH\Controllers\AlumnoController.php(26): view('alumnos/index', [...])
 6 SYSTEMPATH\CodeIgniter.php(933): App\Controllers\AlumnoController->index()
 7 SYSTEMPATH\CodeIgniter.php(507): CodeIgniter\CodeIgniter->runController(Object(App\Controllers\AlumnoController))
 8 SYSTEMPATH\CodeIgniter.php(354): CodeIgniter\CodeIgniter->handleRequest(null, Object(Config\Cache), false)
 9 SYSTEMPATH\Boot.php(363): CodeIgniter\CodeIgniter->run()
10 SYSTEMPATH\Boot.php(68): CodeIgniter\Boot::runCodeIgniter(Object(CodeIgniter\CodeIgniter))
11 FCPATH\index.php(59): CodeIgniter\Boot::bootWeb(Object(Config\Paths))
CRITICAL - 2025-08-30 01:23:46 --> ErrorException: Undefined variable $alumno
[Method: GET, Route: alumnos]
in APPPATH\Views\alumnos\index.php on line 30.
 1 APPPATH\Views\alumnos\index.php(30): CodeIgniter\Debug\Exceptions->errorHandler(2, 'Undefined variable $alumno', 'C:\\Xamp\\htdocs\\crud-codeigniter4\\app\\Views\\alumnos\\index.php', 30)
 2 SYSTEMPATH\View\View.php(226): include('C:\\Xamp\\htdocs\\crud-codeigniter4\\app\\Views\\alumnos\\index.php')
 3 SYSTEMPATH\View\View.php(229): CodeIgniter\View\View->CodeIgniter\View\{closure}()
 4 SYSTEMPATH\Common.php(1167): CodeIgniter\View\View->render('alumnos/index', [], true)
 5 APPPATH\Controllers\AlumnoController.php(26): view('alumnos/index', [...])
 6 SYSTEMPATH\CodeIgniter.php(933): App\Controllers\AlumnoController->index()
 7 SYSTEMPATH\CodeIgniter.php(507): CodeIgniter\CodeIgniter->runController(Object(App\Controllers\AlumnoController))
 8 SYSTEMPATH\CodeIgniter.php(354): CodeIgniter\CodeIgniter->handleRequest(null, Object(Config\Cache), false)
 9 SYSTEMPATH\Boot.php(363): CodeIgniter\CodeIgniter->run()
10 SYSTEMPATH\Boot.php(68): CodeIgniter\Boot::runCodeIgniter(Object(CodeIgniter\CodeIgniter))
11 FCPATH\index.php(59): CodeIgniter\Boot::bootWeb(Object(Config\Paths))
CRITICAL - 2025-08-30 01:23:49 --> ErrorException: Undefined variable $alumno
[Method: GET, Route: alumnos]
in APPPATH\Views\alumnos\index.php on line 30.
 1 APPPATH\Views\alumnos\index.php(30): CodeIgniter\Debug\Exceptions->errorHandler(2, 'Undefined variable $alumno', 'C:\\Xamp\\htdocs\\crud-codeigniter4\\app\\Views\\alumnos\\index.php', 30)
 2 SYSTEMPATH\View\View.php(226): include('C:\\Xamp\\htdocs\\crud-codeigniter4\\app\\Views\\alumnos\\index.php')
 3 SYSTEMPATH\View\View.php(229): CodeIgniter\View\View->CodeIgniter\View\{closure}()
 4 SYSTEMPATH\Common.php(1167): CodeIgniter\View\View->render('alumnos/index', [], true)
 5 APPPATH\Controllers\AlumnoController.php(26): view('alumnos/index', [...])
 6 SYSTEMPATH\CodeIgniter.php(933): App\Controllers\AlumnoController->index()
 7 SYSTEMPATH\CodeIgniter.php(507): CodeIgniter\CodeIgniter->runController(Object(App\Controllers\AlumnoController))
 8 SYSTEMPATH\CodeIgniter.php(354): CodeIgniter\CodeIgniter->handleRequest(null, Object(Config\Cache), false)
 9 SYSTEMPATH\Boot.php(363): CodeIgniter\CodeIgniter->run()
10 SYSTEMPATH\Boot.php(68): CodeIgniter\Boot::runCodeIgniter(Object(CodeIgniter\CodeIgniter))
11 FCPATH\index.php(59): CodeIgniter\Boot::bootWeb(Object(Config\Paths))
CRITICAL - 2025-08-30 01:26:31 --> ErrorException: Undefined array key "id"
[Method: GET, Route: alumnos]
in APPPATH\Views\alumnos\index.php on line 41.
 1 APPPATH\Views\alumnos\index.php(41): CodeIgniter\Debug\Exceptions->errorHandler(2, 'Undefined array key "id"', 'C:\\Xamp\\htdocs\\crud-codeigniter4\\app\\Views\\alumnos\\index.php', 41)
 2 SYSTEMPATH\View\View.php(226): include('C:\\Xamp\\htdocs\\crud-codeigniter4\\app\\Views\\alumnos\\index.php')
 3 SYSTEMPATH\View\View.php(229): CodeIgniter\View\View->CodeIgniter\View\{closure}()
 4 SYSTEMPATH\Common.php(1167): CodeIgniter\View\View->render('alumnos/index', [], true)
 5 APPPATH\Controllers\AlumnoController.php(26): view('alumnos/index', [...])
 6 SYSTEMPATH\CodeIgniter.php(933): App\Controllers\AlumnoController->index()
 7 SYSTEMPATH\CodeIgniter.php(507): CodeIgniter\CodeIgniter->runController(Object(App\Controllers\AlumnoController))
 8 SYSTEMPATH\CodeIgniter.php(354): CodeIgniter\CodeIgniter->handleRequest(null, Object(Config\Cache), false)
 9 SYSTEMPATH\Boot.php(363): CodeIgniter\CodeIgniter->run()
10 SYSTEMPATH\Boot.php(68): CodeIgniter\Boot::runCodeIgniter(Object(CodeIgniter\CodeIgniter))
11 FCPATH\index.php(59): CodeIgniter\Boot::bootWeb(Object(Config\Paths))
CRITICAL - 2025-08-30 01:26:32 --> ErrorException: Undefined array key "id"
[Method: GET, Route: alumnos]
in APPPATH\Views\alumnos\index.php on line 41.
 1 APPPATH\Views\alumnos\index.php(41): CodeIgniter\Debug\Exceptions->errorHandler(2, 'Undefined array key "id"', 'C:\\Xamp\\htdocs\\crud-codeigniter4\\app\\Views\\alumnos\\index.php', 41)
 2 SYSTEMPATH\View\View.php(226): include('C:\\Xamp\\htdocs\\crud-codeigniter4\\app\\Views\\alumnos\\index.php')
 3 SYSTEMPATH\View\View.php(229): CodeIgniter\View\View->CodeIgniter\View\{closure}()
 4 SYSTEMPATH\Common.php(1167): CodeIgniter\View\View->render('alumnos/index', [], true)
 5 APPPATH\Controllers\AlumnoController.php(26): view('alumnos/index', [...])
 6 SYSTEMPATH\CodeIgniter.php(933): App\Controllers\AlumnoController->index()
 7 SYSTEMPATH\CodeIgniter.php(507): CodeIgniter\CodeIgniter->runController(Object(App\Controllers\AlumnoController))
 8 SYSTEMPATH\CodeIgniter.php(354): CodeIgniter\CodeIgniter->handleRequest(null, Object(Config\Cache), false)
 9 SYSTEMPATH\Boot.php(363): CodeIgniter\CodeIgniter->run()
10 SYSTEMPATH\Boot.php(68): CodeIgniter\Boot::runCodeIgniter(Object(CodeIgniter\CodeIgniter))
11 FCPATH\index.php(59): CodeIgniter\Boot::bootWeb(Object(Config\Paths))
CRITICAL - 2025-08-30 01:27:56 --> ErrorException: Undefined array key "telefono"
[Method: GET, Route: alumnos]
in APPPATH\Views\alumnos\index.php on line 43.
 1 APPPATH\Views\alumnos\index.php(43): CodeIgniter\Debug\Exceptions->errorHandler(2, 'Undefined array key "telefono"', 'C:\\Xamp\\htdocs\\crud-codeigniter4\\app\\Views\\alumnos\\index.php', 43)
 2 SYSTEMPATH\View\View.php(226): include('C:\\Xamp\\htdocs\\crud-codeigniter4\\app\\Views\\alumnos\\index.php')
 3 SYSTEMPATH\View\View.php(229): CodeIgniter\View\View->CodeIgniter\View\{closure}()
 4 SYSTEMPATH\Common.php(1167): CodeIgniter\View\View->render('alumnos/index', [], true)
 5 APPPATH\Controllers\AlumnoController.php(26): view('alumnos/index', [...])
 6 SYSTEMPATH\CodeIgniter.php(933): App\Controllers\AlumnoController->index()
 7 SYSTEMPATH\CodeIgniter.php(507): CodeIgniter\CodeIgniter->runController(Object(App\Controllers\AlumnoController))
 8 SYSTEMPATH\CodeIgniter.php(354): CodeIgniter\CodeIgniter->handleRequest(null, Object(Config\Cache), false)
 9 SYSTEMPATH\Boot.php(363): CodeIgniter\CodeIgniter->run()
10 SYSTEMPATH\Boot.php(68): CodeIgniter\Boot::runCodeIgniter(Object(CodeIgniter\CodeIgniter))
11 FCPATH\index.php(59): CodeIgniter\Boot::bootWeb(Object(Config\Paths))
CRITICAL - 2025-08-30 01:28:50 --> ErrorException: Undefined array key "id"
[Method: GET, Route: alumnos]
in APPPATH\Views\alumnos\index.php on line 52.
 1 APPPATH\Views\alumnos\index.php(52): CodeIgniter\Debug\Exceptions->errorHandler(2, 'Undefined array key "id"', 'C:\\Xamp\\htdocs\\crud-codeigniter4\\app\\Views\\alumnos\\index.php', 52)
 2 SYSTEMPATH\View\View.php(226): include('C:\\Xamp\\htdocs\\crud-codeigniter4\\app\\Views\\alumnos\\index.php')
 3 SYSTEMPATH\View\View.php(229): CodeIgniter\View\View->CodeIgniter\View\{closure}()
 4 SYSTEMPATH\Common.php(1167): CodeIgniter\View\View->render('alumnos/index', [], true)
 5 APPPATH\Controllers\AlumnoController.php(26): view('alumnos/index', [...])
 6 SYSTEMPATH\CodeIgniter.php(933): App\Controllers\AlumnoController->index()
 7 SYSTEMPATH\CodeIgniter.php(507): CodeIgniter\CodeIgniter->runController(Object(App\Controllers\AlumnoController))
 8 SYSTEMPATH\CodeIgniter.php(354): CodeIgniter\CodeIgniter->handleRequest(null, Object(Config\Cache), false)
 9 SYSTEMPATH\Boot.php(363): CodeIgniter\CodeIgniter->run()
10 SYSTEMPATH\Boot.php(68): CodeIgniter\Boot::runCodeIgniter(Object(CodeIgniter\CodeIgniter))
11 FCPATH\index.php(59): CodeIgniter\Boot::bootWeb(Object(Config\Paths))
CRITICAL - 2025-08-30 01:29:15 --> ErrorException: Undefined array key "id"
[Method: GET, Route: alumnos]
in APPPATH\Views\alumnos\index.php on line 58.
 1 APPPATH\Views\alumnos\index.php(58): CodeIgniter\Debug\Exceptions->errorHandler(2, 'Undefined array key "id"', 'C:\\Xamp\\htdocs\\crud-codeigniter4\\app\\Views\\alumnos\\index.php', 58)
 2 SYSTEMPATH\View\View.php(226): include('C:\\Xamp\\htdocs\\crud-codeigniter4\\app\\Views\\alumnos\\index.php')
 3 SYSTEMPATH\View\View.php(229): CodeIgniter\View\View->CodeIgniter\View\{closure}()
 4 SYSTEMPATH\Common.php(1167): CodeIgniter\View\View->render('alumnos/index', [], true)
 5 APPPATH\Controllers\AlumnoController.php(26): view('alumnos/index', [...])
 6 SYSTEMPATH\CodeIgniter.php(933): App\Controllers\AlumnoController->index()
 7 SYSTEMPATH\CodeIgniter.php(507): CodeIgniter\CodeIgniter->runController(Object(App\Controllers\AlumnoController))
 8 SYSTEMPATH\CodeIgniter.php(354): CodeIgniter\CodeIgniter->handleRequest(null, Object(Config\Cache), false)
 9 SYSTEMPATH\Boot.php(363): CodeIgniter\CodeIgniter->run()
10 SYSTEMPATH\Boot.php(68): CodeIgniter\Boot::runCodeIgniter(Object(CodeIgniter\CodeIgniter))
11 FCPATH\index.php(59): CodeIgniter\Boot::bootWeb(Object(Config\Paths))
CRITICAL - 2025-08-30 01:29:25 --> ErrorException: Undefined array key "id"
[Method: GET, Route: alumnos]
in APPPATH\Views\alumnos\index.php on line 67.
 1 APPPATH\Views\alumnos\index.php(67): CodeIgniter\Debug\Exceptions->errorHandler(2, 'Undefined array key "id"', 'C:\\Xamp\\htdocs\\crud-codeigniter4\\app\\Views\\alumnos\\index.php', 67)
 2 SYSTEMPATH\View\View.php(226): include('C:\\Xamp\\htdocs\\crud-codeigniter4\\app\\Views\\alumnos\\index.php')
 3 SYSTEMPATH\View\View.php(229): CodeIgniter\View\View->CodeIgniter\View\{closure}()
 4 SYSTEMPATH\Common.php(1167): CodeIgniter\View\View->render('alumnos/index', [], true)
 5 APPPATH\Controllers\AlumnoController.php(26): view('alumnos/index', [...])
 6 SYSTEMPATH\CodeIgniter.php(933): App\Controllers\AlumnoController->index()
 7 SYSTEMPATH\CodeIgniter.php(507): CodeIgniter\CodeIgniter->runController(Object(App\Controllers\AlumnoController))
 8 SYSTEMPATH\CodeIgniter.php(354): CodeIgniter\CodeIgniter->handleRequest(null, Object(Config\Cache), false)
 9 SYSTEMPATH\Boot.php(363): CodeIgniter\CodeIgniter->run()
10 SYSTEMPATH\Boot.php(68): CodeIgniter\Boot::runCodeIgniter(Object(CodeIgniter\CodeIgniter))
11 FCPATH\index.php(59): CodeIgniter\Boot::bootWeb(Object(Config\Paths))
CRITICAL - 2025-08-30 01:38:06 --> ErrorException: Undefined array key "id"
[Method: GET, Route: alumnos]
in APPPATH\Views\alumnos\index.php on line 94.
 1 APPPATH\Views\alumnos\index.php(94): CodeIgniter\Debug\Exceptions->errorHandler(2, 'Undefined array key "id"', 'C:\\Xamp\\htdocs\\crud-codeigniter4\\app\\Views\\alumnos\\index.php', 94)
 2 SYSTEMPATH\View\View.php(226): include('C:\\Xamp\\htdocs\\crud-codeigniter4\\app\\Views\\alumnos\\index.php')
 3 SYSTEMPATH\View\View.php(229): CodeIgniter\View\View->CodeIgniter\View\{closure}()
 4 SYSTEMPATH\Common.php(1167): CodeIgniter\View\View->render('alumnos/index', [], true)
 5 APPPATH\Controllers\AlumnoController.php(26): view('alumnos/index', [...])
 6 SYSTEMPATH\CodeIgniter.php(933): App\Controllers\AlumnoController->index()
 7 SYSTEMPATH\CodeIgniter.php(507): CodeIgniter\CodeIgniter->runController(Object(App\Controllers\AlumnoController))
 8 SYSTEMPATH\CodeIgniter.php(354): CodeIgniter\CodeIgniter->handleRequest(null, Object(Config\Cache), false)
 9 SYSTEMPATH\Boot.php(363): CodeIgniter\CodeIgniter->run()
10 SYSTEMPATH\Boot.php(68): CodeIgniter\Boot::runCodeIgniter(Object(CodeIgniter\CodeIgniter))
11 FCPATH\index.php(59): CodeIgniter\Boot::bootWeb(Object(Config\Paths))
CRITICAL - 2025-08-30 01:51:26 --> ErrorException: Undefined variable $curso
[Method: GET, Route: cursos]
in APPPATH\Views\cursos\index.php on line 31.
 1 APPPATH\Views\cursos\index.php(31): CodeIgniter\Debug\Exceptions->errorHandler(2, 'Undefined variable $curso', 'C:\\Xamp\\htdocs\\crud-codeigniter4\\app\\Views\\cursos\\index.php', 31)
 2 SYSTEMPATH\View\View.php(226): include('C:\\Xamp\\htdocs\\crud-codeigniter4\\app\\Views\\cursos\\index.php')
 3 SYSTEMPATH\View\View.php(229): CodeIgniter\View\View->CodeIgniter\View\{closure}()
 4 SYSTEMPATH\Common.php(1167): CodeIgniter\View\View->render('cursos/index', [], true)
 5 APPPATH\Controllers\CursoController.php(21): view('cursos/index', [...])
 6 SYSTEMPATH\CodeIgniter.php(933): App\Controllers\CursoController->index()
 7 SYSTEMPATH\CodeIgniter.php(507): CodeIgniter\CodeIgniter->runController(Object(App\Controllers\CursoController))
 8 SYSTEMPATH\CodeIgniter.php(354): CodeIgniter\CodeIgniter->handleRequest(null, Object(Config\Cache), false)
 9 SYSTEMPATH\Boot.php(363): CodeIgniter\CodeIgniter->run()
10 SYSTEMPATH\Boot.php(68): CodeIgniter\Boot::runCodeIgniter(Object(CodeIgniter\CodeIgniter))
11 FCPATH\index.php(59): CodeIgniter\Boot::bootWeb(Object(Config\Paths))
DEBUG - 2025-08-30 02:22:43 --> Session: Class initialized using 'CodeIgniter\Session\Handlers\FileHandler' driver.
INFO - 2025-08-30 02:35:45 --> Cursos encontrados para alumno 2: [{"nombre":"Desarrollo Web","profesor":"Walter"}]
DEBUG - 2025-08-30 03:03:53 --> Session: Class initialized using 'CodeIgniter\Session\Handlers\FileHandler' driver.
DEBUG - 2025-08-30 03:06:19 --> Session: Class initialized using 'CodeIgniter\Session\Handlers\FileHandler' driver.
DEBUG - 2025-08-30 03:11:08 --> Session: Class initialized using 'CodeIgniter\Session\Handlers\FileHandler' driver.
INFO - 2025-08-30 03:11:14 --> Cursos encontrados para alumno 3: [{"nombre":"Desarrollo Web","profesor":"Walter Cordoba"}]
